<?xml version="1.0" encoding="utf-8"?><testsuites><testsuite name="pytest" errors="0" failures="0" skipped="0" tests="1" time="0.021" timestamp="2025-02-04T15:12:06.376397+01:00" hostname="ironcluster"><testcase classname="tests.test_app" name="test_add_numbers" time="0.001" /></testsuite></testsuites>